<?xml version="1.0" encoding="UTF-8"?>
<!-- Generated by org.testng.reporters.JUnitXMLReporter -->
<testsuite hostname="LAPTOP-9U7P5GKT" ignored="0" name="LoginTest" tests="1" failures="1" timestamp="14 Mar 2020 11:57:09 GMT" time="10.156" errors="0">
  <testcase name="loginAsBankManager" time="10.132" classname="com.w2a.testcases.LoginTest">
    <failure type="java.lang.AssertionError" message="Login not Successful expected [true] but found [false]">
      <![CDATA[java.lang.AssertionError: Login not Successful expected [true] but found [false]
at com.w2a.testcases.LoginTest.loginAsBankManager(LoginTest.java:20)
... Removed 28 stack frames]]>
    </failure>
  </testcase> <!-- loginAsBankManager -->
</testsuite> <!-- LoginTest -->
