<?xml version="1.0" encoding="UTF-8"?>
<!-- Generated by org.testng.reporters.JUnitXMLReporter -->
<testsuite hostname="LAPTOP-9U7P5GKT" ignored="1" name="Extent Report Test" tests="5" failures="1" timestamp="25 Mar 2020 15:24:16 GMT" time="0.941" errors="0">
  <testcase name="testCase1" time="0.011" classname="com.w2a.rough.ExtentReportTrial"/>
  <testcase name="testCase2" time="0.001" classname="com.w2a.rough.ExtentReportTrial"/>
  <testcase name="testCase3" time="0.005" classname="com.w2a.rough.ExtentReportTrial"/>
  <testcase name="testCase4" time="0.006" classname="com.w2a.rough.ExtentReportTrial">
    <failure type="java.lang.AssertionError" message="expected [true] but found [false]">
      <![CDATA[java.lang.AssertionError: expected [true] but found [false]
at com.w2a.rough.ExtentReportTrial.testCase4(ExtentReportTrial.java:76)
... Removed 29 stack frames]]>
    </failure>
  </testcase> <!-- testCase4 -->
  <testcase name="testCase5" time="0.002" classname="com.w2a.rough.ExtentReportTrial">
    <skipped/>
  </testcase> <!-- testCase5 -->
  <testcase name="testCase6" time="0.0" classname="com.w2a.rough.ExtentReportTrial">
    <ignored/>
  </testcase> <!-- testCase6 -->
</testsuite> <!-- Extent Report Test -->
