<?xml version="1.0" encoding="UTF-8"?>
<testng-results skipped="0" failed="0" ignored="0" total="2" passed="2">
  <reporter-output>
  </reporter-output>
  <suite name="DataDriven Basics" duration-ms="20488" started-at="2020-09-10T19:22:05Z" finished-at="2020-09-10T19:22:26Z">
    <groups>
    </groups>
    <test name="Bank Manager Login Test" duration-ms="13003" started-at="2020-09-10T19:22:05Z" finished-at="2020-09-10T19:22:18Z">
      <class name="com.w2a.testcases.BankManagerLoginTest">
        <test-method status="PASS" signature="setUp()[pri:0, instance:com.w2a.testcases.BankManagerLoginTest@368247b9]" name="setUp" is-config="true" duration-ms="8195" started-at="2020-09-10T19:22:05Z" finished-at="2020-09-10T19:22:14Z">
          <reporter-output>
          </reporter-output>
        </test-method> <!-- setUp -->
        <test-method status="PASS" signature="loginAsBankManager()[pri:0, instance:com.w2a.testcases.BankManagerLoginTest@368247b9]" name="loginAsBankManager" duration-ms="4014" started-at="2020-09-10T19:22:14Z" finished-at="2020-09-10T19:22:18Z">
          <reporter-output>
          </reporter-output>
        </test-method> <!-- loginAsBankManager -->
        <test-method status="PASS" signature="teardown()[pri:0, instance:com.w2a.testcases.BankManagerLoginTest@368247b9]" name="teardown" is-config="true" duration-ms="769" started-at="2020-09-10T19:22:18Z" finished-at="2020-09-10T19:22:18Z">
          <reporter-output>
          </reporter-output>
        </test-method> <!-- teardown -->
      </class> <!-- com.w2a.testcases.BankManagerLoginTest -->
    </test> <!-- Bank Manager Login Test -->
    <test name="Add Customer Test" duration-ms="7434" started-at="2020-09-10T19:22:18Z" finished-at="2020-09-10T19:22:26Z">
      <class name="com.w2a.testcases.AddCustomerTest">
        <test-method status="PASS" signature="setUp()[pri:0, instance:com.w2a.testcases.AddCustomerTest@5b1669c0]" name="setUp" is-config="true" duration-ms="6377" started-at="2020-09-10T19:22:18Z" finished-at="2020-09-10T19:22:25Z">
          <reporter-output>
          </reporter-output>
        </test-method> <!-- setUp -->
        <test-method status="PASS" signature="addCustomer()[pri:0, instance:com.w2a.testcases.AddCustomerTest@5b1669c0]" name="addCustomer" duration-ms="351" started-at="2020-09-10T19:22:25Z" finished-at="2020-09-10T19:22:25Z">
          <reporter-output>
          </reporter-output>
        </test-method> <!-- addCustomer -->
        <test-method status="PASS" signature="teardown()[pri:0, instance:com.w2a.testcases.AddCustomerTest@5b1669c0]" name="teardown" is-config="true" duration-ms="705" started-at="2020-09-10T19:22:25Z" finished-at="2020-09-10T19:22:26Z">
          <reporter-output>
          </reporter-output>
        </test-method> <!-- teardown -->
      </class> <!-- com.w2a.testcases.AddCustomerTest -->
    </test> <!-- Add Customer Test -->
  </suite> <!-- DataDriven Basics -->
</testng-results>
