<?xml version="1.0" encoding="UTF-8"?>
<testng-results skipped="1" failed="1" ignored="1" total="6" passed="3">
  <reporter-output>
  </reporter-output>
  <suite name="Suite" duration-ms="941" started-at="2020-03-25T15:24:15Z" finished-at="2020-03-25T15:24:16Z">
    <groups>
    </groups>
    <test name="Extent Report Test" duration-ms="941" started-at="2020-03-25T15:24:15Z" finished-at="2020-03-25T15:24:16Z">
      <class name="com.w2a.rough.ExtentReportTrial">
        <test-method status="PASS" signature="startReport(java.lang.String, java.lang.String)[pri:0, instance:com.w2a.rough.ExtentReportTrial@1198b989]" name="startReport" is-config="true" duration-ms="244" started-at="2020-03-25T15:24:15Z" finished-at="2020-03-25T15:24:16Z">
          <params>
            <param index="0">
              <value>
                <![CDATA[Windows]]>
              </value>
            </param>
            <param index="1">
              <value>
                <![CDATA[Chrome]]>
              </value>
            </param>
          </params>
          <reporter-output>
          </reporter-output>
        </test-method> <!-- startReport -->
        <test-method status="PASS" signature="testCase1()[pri:0, instance:com.w2a.rough.ExtentReportTrial@1198b989]" name="testCase1" duration-ms="11" started-at="2020-03-25T15:24:16Z" finished-at="2020-03-25T15:24:16Z">
          <reporter-output>
          </reporter-output>
        </test-method> <!-- testCase1 -->
        <test-method status="PASS" signature="getResult(org.testng.ITestResult)[pri:0, instance:com.w2a.rough.ExtentReportTrial@1198b989]" name="getResult" is-config="true" duration-ms="20" started-at="2020-03-25T15:24:16Z" finished-at="2020-03-25T15:24:16Z">
          <params>
            <param index="0">
              <value>
                <![CDATA[[TestResult name=testCase1 status=SUCCESS method=ExtentReportTrial.testCase1()[pri:0, instance:com.w2a.rough.ExtentReportTrial@1198b989] output={null}]]]>
              </value>
            </param>
          </params>
          <reporter-output>
          </reporter-output>
        </test-method> <!-- getResult -->
        <test-method status="PASS" signature="testCase2()[pri:0, instance:com.w2a.rough.ExtentReportTrial@1198b989]" name="testCase2" duration-ms="1" started-at="2020-03-25T15:24:16Z" finished-at="2020-03-25T15:24:16Z">
          <reporter-output>
          </reporter-output>
        </test-method> <!-- testCase2 -->
        <test-method status="PASS" signature="getResult(org.testng.ITestResult)[pri:0, instance:com.w2a.rough.ExtentReportTrial@1198b989]" name="getResult" is-config="true" duration-ms="1" started-at="2020-03-25T15:24:16Z" finished-at="2020-03-25T15:24:16Z">
          <params>
            <param index="0">
              <value>
                <![CDATA[[TestResult name=testCase2 status=SUCCESS method=ExtentReportTrial.testCase2()[pri:0, instance:com.w2a.rough.ExtentReportTrial@1198b989] output={null}]]]>
              </value>
            </param>
          </params>
          <reporter-output>
          </reporter-output>
        </test-method> <!-- getResult -->
        <test-method status="PASS" signature="testCase3()[pri:0, instance:com.w2a.rough.ExtentReportTrial@1198b989]" name="testCase3" duration-ms="5" started-at="2020-03-25T15:24:16Z" finished-at="2020-03-25T15:24:16Z">
          <reporter-output>
          </reporter-output>
        </test-method> <!-- testCase3 -->
        <test-method status="PASS" signature="getResult(org.testng.ITestResult)[pri:0, instance:com.w2a.rough.ExtentReportTrial@1198b989]" name="getResult" is-config="true" duration-ms="1" started-at="2020-03-25T15:24:16Z" finished-at="2020-03-25T15:24:16Z">
          <params>
            <param index="0">
              <value>
                <![CDATA[[TestResult name=testCase3 status=SUCCESS method=ExtentReportTrial.testCase3()[pri:0, instance:com.w2a.rough.ExtentReportTrial@1198b989] output={null}]]]>
              </value>
            </param>
          </params>
          <reporter-output>
          </reporter-output>
        </test-method> <!-- getResult -->
        <test-method status="FAIL" signature="testCase4()[pri:0, instance:com.w2a.rough.ExtentReportTrial@1198b989]" name="testCase4" duration-ms="6" started-at="2020-03-25T15:24:16Z" finished-at="2020-03-25T15:24:16Z">
          <exception class="java.lang.AssertionError">
            <message>
              <![CDATA[expected [true] but found [false]]]>
            </message>
            <full-stacktrace>
              <![CDATA[java.lang.AssertionError: expected [true] but found [false]
at org.testng.Assert.fail(Assert.java:96)
at org.testng.Assert.failNotEquals(Assert.java:776)
at org.testng.Assert.assertTrue(Assert.java:44)
at org.testng.Assert.assertTrue(Assert.java:54)
at com.w2a.rough.ExtentReportTrial.testCase4(ExtentReportTrial.java:76)
at sun.reflect.NativeMethodAccessorImpl.invoke0(Native Method)
at sun.reflect.NativeMethodAccessorImpl.invoke(NativeMethodAccessorImpl.java:62)
at sun.reflect.DelegatingMethodAccessorImpl.invoke(DelegatingMethodAccessorImpl.java:43)
at java.lang.reflect.Method.invoke(Method.java:498)
at org.testng.internal.MethodInvocationHelper.invokeMethod(MethodInvocationHelper.java:124)
at org.testng.internal.Invoker.invokeMethod(Invoker.java:583)
at org.testng.internal.Invoker.invokeTestMethod(Invoker.java:719)
at org.testng.internal.Invoker.invokeTestMethods(Invoker.java:989)
at org.testng.internal.TestMethodWorker.invokeTestMethods(TestMethodWorker.java:125)
at org.testng.internal.TestMethodWorker.run(TestMethodWorker.java:109)
at org.testng.TestRunner.privateRun(TestRunner.java:648)
at org.testng.TestRunner.run(TestRunner.java:505)
at org.testng.SuiteRunner.runTest(SuiteRunner.java:455)
at org.testng.SuiteRunner.runSequentially(SuiteRunner.java:450)
at org.testng.SuiteRunner.privateRun(SuiteRunner.java:415)
at org.testng.SuiteRunner.run(SuiteRunner.java:364)
at org.testng.SuiteRunnerWorker.runSuite(SuiteRunnerWorker.java:52)
at org.testng.SuiteRunnerWorker.run(SuiteRunnerWorker.java:84)
at org.testng.TestNG.runSuitesSequentially(TestNG.java:1208)
at org.testng.TestNG.runSuitesLocally(TestNG.java:1137)
at org.testng.TestNG.runSuites(TestNG.java:1049)
at org.testng.TestNG.run(TestNG.java:1017)
at org.testng.remote.AbstractRemoteTestNG.run(AbstractRemoteTestNG.java:115)
at org.testng.remote.RemoteTestNG.initAndRun(RemoteTestNG.java:251)
at org.testng.remote.RemoteTestNG.main(RemoteTestNG.java:77)
]]>
            </full-stacktrace>
          </exception> <!-- java.lang.AssertionError -->
          <reporter-output>
          </reporter-output>
        </test-method> <!-- testCase4 -->
        <test-method status="PASS" signature="getResult(org.testng.ITestResult)[pri:0, instance:com.w2a.rough.ExtentReportTrial@1198b989]" name="getResult" is-config="true" duration-ms="21" started-at="2020-03-25T15:24:16Z" finished-at="2020-03-25T15:24:16Z">
          <params>
            <param index="0">
              <value>
                <![CDATA[[TestResult name=testCase4 status=FAILURE method=ExtentReportTrial.testCase4()[pri:0, instance:com.w2a.rough.ExtentReportTrial@1198b989] output={null}]]]>
              </value>
            </param>
          </params>
          <reporter-output>
          </reporter-output>
        </test-method> <!-- getResult -->
        <test-method status="SKIP" signature="testCase5()[pri:0, instance:com.w2a.rough.ExtentReportTrial@1198b989]" name="testCase5" duration-ms="2" started-at="2020-03-25T15:24:16Z" finished-at="2020-03-25T15:24:16Z">
          <exception class="org.testng.SkipException">
            <message>
              <![CDATA[Skipping this test with exception]]>
            </message>
            <full-stacktrace>
              <![CDATA[org.testng.SkipException: Skipping this test with exception
at com.w2a.rough.ExtentReportTrial.testCase5(ExtentReportTrial.java:82)
at sun.reflect.NativeMethodAccessorImpl.invoke0(Native Method)
at sun.reflect.NativeMethodAccessorImpl.invoke(NativeMethodAccessorImpl.java:62)
at sun.reflect.DelegatingMethodAccessorImpl.invoke(DelegatingMethodAccessorImpl.java:43)
at java.lang.reflect.Method.invoke(Method.java:498)
at org.testng.internal.MethodInvocationHelper.invokeMethod(MethodInvocationHelper.java:124)
at org.testng.internal.Invoker.invokeMethod(Invoker.java:583)
at org.testng.internal.Invoker.invokeTestMethod(Invoker.java:719)
at org.testng.internal.Invoker.invokeTestMethods(Invoker.java:989)
at org.testng.internal.TestMethodWorker.invokeTestMethods(TestMethodWorker.java:125)
at org.testng.internal.TestMethodWorker.run(TestMethodWorker.java:109)
at org.testng.TestRunner.privateRun(TestRunner.java:648)
at org.testng.TestRunner.run(TestRunner.java:505)
at org.testng.SuiteRunner.runTest(SuiteRunner.java:455)
at org.testng.SuiteRunner.runSequentially(SuiteRunner.java:450)
at org.testng.SuiteRunner.privateRun(SuiteRunner.java:415)
at org.testng.SuiteRunner.run(SuiteRunner.java:364)
at org.testng.SuiteRunnerWorker.runSuite(SuiteRunnerWorker.java:52)
at org.testng.SuiteRunnerWorker.run(SuiteRunnerWorker.java:84)
at org.testng.TestNG.runSuitesSequentially(TestNG.java:1208)
at org.testng.TestNG.runSuitesLocally(TestNG.java:1137)
at org.testng.TestNG.runSuites(TestNG.java:1049)
at org.testng.TestNG.run(TestNG.java:1017)
at org.testng.remote.AbstractRemoteTestNG.run(AbstractRemoteTestNG.java:115)
at org.testng.remote.RemoteTestNG.initAndRun(RemoteTestNG.java:251)
at org.testng.remote.RemoteTestNG.main(RemoteTestNG.java:77)
]]>
            </full-stacktrace>
          </exception> <!-- org.testng.SkipException -->
          <reporter-output>
          </reporter-output>
        </test-method> <!-- testCase5 -->
        <test-method status="PASS" signature="getResult(org.testng.ITestResult)[pri:0, instance:com.w2a.rough.ExtentReportTrial@1198b989]" name="getResult" is-config="true" duration-ms="9" started-at="2020-03-25T15:24:16Z" finished-at="2020-03-25T15:24:16Z">
          <params>
            <param index="0">
              <value>
                <![CDATA[[TestResult name=testCase5 status=SKIP method=ExtentReportTrial.testCase5()[pri:0, instance:com.w2a.rough.ExtentReportTrial@1198b989] output={null}]]]>
              </value>
            </param>
          </params>
          <reporter-output>
          </reporter-output>
        </test-method> <!-- getResult -->
        <test-method status="PASS" signature="tearDown()[pri:0, instance:com.w2a.rough.ExtentReportTrial@1198b989]" name="tearDown" is-config="true" duration-ms="570" started-at="2020-03-25T15:24:16Z" finished-at="2020-03-25T15:24:16Z">
          <reporter-output>
          </reporter-output>
        </test-method> <!-- tearDown -->
      </class> <!-- com.w2a.rough.ExtentReportTrial -->
    </test> <!-- Extent Report Test -->
  </suite> <!-- Suite -->
</testng-results>
