<?xml version="1.0" encoding="UTF-8"?>
<testng-results skipped="0" failed="0" ignored="0" total="1" passed="1">
  <reporter-output>
  </reporter-output>
  <suite name="Default suite" duration-ms="10178" started-at="2020-09-12T16:48:30Z" finished-at="2020-09-12T16:48:40Z">
    <groups>
    </groups>
    <test name="Default test" duration-ms="10178" started-at="2020-09-12T16:48:30Z" finished-at="2020-09-12T16:48:40Z">
      <class name="com.w2a.testcases.AddCustomerTest">
        <test-method status="PASS" signature="setUp()[pri:0, instance:com.w2a.testcases.AddCustomerTest@5f8edcc5]" name="setUp" is-config="true" duration-ms="8075" started-at="2020-09-12T16:48:30Z" finished-at="2020-09-12T16:48:38Z">
          <reporter-output>
          </reporter-output>
        </test-method> <!-- setUp -->
        <test-method status="PASS" signature="addCustomer()[pri:0, instance:com.w2a.testcases.AddCustomerTest@5f8edcc5]" name="addCustomer" duration-ms="1160" started-at="2020-09-12T16:48:38Z" finished-at="2020-09-12T16:48:39Z">
          <reporter-output>
          </reporter-output>
        </test-method> <!-- addCustomer -->
        <test-method status="PASS" signature="teardown()[pri:0, instance:com.w2a.testcases.AddCustomerTest@5f8edcc5]" name="teardown" is-config="true" duration-ms="903" started-at="2020-09-12T16:48:39Z" finished-at="2020-09-12T16:48:40Z">
          <reporter-output>
          </reporter-output>
        </test-method> <!-- teardown -->
      </class> <!-- com.w2a.testcases.AddCustomerTest -->
    </test> <!-- Default test -->
  </suite> <!-- Default suite -->
</testng-results>
