<?xml version="1.0" encoding="UTF-8"?>
<!-- Generated by org.testng.reporters.JUnitXMLReporter -->
<testsuite hostname="LAPTOP-9U7P5GKT" ignored="0" name="Add Customer Test" tests="1" failures="1" timestamp="06 Apr 2020 15:04:14 GMT" time="5.368" errors="0">
  <testcase name="addCustomer" time="4.863" classname="com.w2a.testcases.AddCustomerTest">
    <failure type="junit.framework.AssertionFailedError">
      <![CDATA[junit.framework.AssertionFailedError
at junit.framework.Assert.fail(Assert.java:47)
at junit.framework.Assert.assertTrue(Assert.java:20)
at junit.framework.Assert.assertTrue(Assert.java:27)
at com.w2a.testcases.AddCustomerTest.addCustomer(AddCustomerTest.java:45)
... Removed 28 stack frames]]>
    </failure>
  </testcase> <!-- addCustomer -->
</testsuite> <!-- Add Customer Test -->
